Arguments: 
  C:\Program Files\nodejs\node.exe C:\Users\FanisGod\AppData\Roaming\npm\node_modules\yarn\bin\yarn.js install

PATH: 
  C:\Program Files\Common Files\Oracle\Java\javapath;C:\Windows\system32;C:\Windows;C:\Windows\System32\Wbem;C:\Windows\System32\WindowsPowerShell\v1.0\;C:\Windows\System32\OpenSSH\;C:\Program Files\Git\cmd;C:\VPN\bin;C:\Users\FanisGod\AppData\Roaming\nvm;C:\Program Files\nodejs;C:\Program Files\TortoiseSVN\bin;C:\Program Files\nodejs\;C:\Program Files\NVIDIA Corporation\NVIDIA NvDLISR;C:\WINDOWS\system32;C:\WINDOWS;C:\WINDOWS\System32\Wbem;C:\WINDOWS\System32\WindowsPowerShell\v1.0\;C:\WINDOWS\System32\OpenSSH\;C:\Users\FanisGod\AppData\Local\Microsoft\WindowsApps;D:\Microsoft VS Code\bin;C:\Users\FanisGod\AppData\Roaming\nvm;C:\Program Files\nodejs;C:\Users\FanisGod\AppData\Roaming\npm;

Yarn version: 
  1.22.10

Node version: 
  12.14.0

Platform: 
  win32 x64

Trace: 
  Error: EPERM: operation not permitted, unlink 'C:\Users\FanisGod\Desktop\代码\common-components\node_modules\_esbuild@0.12.15@esbuild\esbuild.exe'

npm manifest: 
  {
    "name": "common-components",
    "version": "0.0.0",
    "scripts": {
      "dev": "vite",
      "build": "vite build"
    },
    "dependencies": {
      "axios": "^0.21.1",
      "element-plus": "*",
      "vue": "^3.0.4",
      "vue-router": "^4.0.10"
    },
    "devDependencies": {
      "@vitejs/plugin-vue": "^1.2.5",
      "@vue/compiler-sfc": "^3.0.4",
      "sass": "^1.35.2",
      "sass-loader": "^12.1.0",
      "typescript": "^4.3.5",
      "vite": "^2.4.3",
      "vite-plugin-style-import": "^1.0.1"
    }
  }

yarn manifest: 
  No manifest

Lockfile: 
  # THIS IS AN AUTOGENERATED FILE. DO NOT EDIT THIS FILE DIRECTLY.
  # yarn lockfile v1
  
  
  "@babel/helper-validator-identifier@^7.14.8":
    "integrity" "sha1-Mr4zp1bynieKDWRPoIosng+Io0w="
    "resolved" "https://registry.nlark.com/@babel/helper-validator-identifier/download/@babel/helper-validator-identifier-7.14.8.tgz"
    "version" "7.14.8"
  
  "@babel/parser@^7.12.0", "@babel/parser@^7.13.9":
    "integrity" "sha1-Zv1BZmste4QL1azn90FtWsYCCNQ="
    "resolved" "https://registry.nlark.com/@babel/parser/download/@babel/parser-7.14.8.tgz"
    "version" "7.14.8"
  
  "@babel/types@^7.12.0", "@babel/types@^7.13.0":
    "integrity" "sha1-OBCd6PytwGQV+9m3TfAGXU1Bxyg="
    "resolved" "https://registry.nlark.com/@babel/types/download/@babel/types-7.14.8.tgz"
    "version" "7.14.8"
    dependencies:
      "@babel/helper-validator-identifier" "^7.14.8"
      "to-fast-properties" "^2.0.0"
  
  "@popperjs/core@^2.4.4":
    "integrity" "sha1-rep7aVPLs0ZRdmsFSEaOdDxqI1M="
    "resolved" "https://registry.npm.taobao.org/@popperjs/core/download/@popperjs/core-2.9.2.tgz?cache=0&sync_timestamp=1617290098226&other_urls=https%3A%2F%2Fregistry.npm.taobao.org%2F%40popperjs%2Fcore%2Fdownload%2F%40popperjs%2Fcore-2.9.2.tgz"
    "version" "2.9.2"
  
  "@rollup/pluginutils@^4.1.0":
    "integrity" "sha1-HU2obdTt7RVlalfZM/2iuaCNR+w="
    "resolved" "https://registry.nlark.com/@rollup/pluginutils/download/@rollup/pluginutils-4.1.1.tgz"
    "version" "4.1.1"
    dependencies:
      "estree-walker" "^2.0.1"
      "picomatch" "^2.2.2"
  
  "@types/estree@^0.0.48":
    "integrity" "sha1-GNyAkbKF35DbLyWqfZBs/DlLf3Q="
    "resolved" "https://registry.nlark.com/@types/estree/download/@types/estree-0.0.48.tgz"
    "version" "0.0.48"
  
  "@types/lodash@^4.14.161":
    "integrity" "sha1-8Bs6X+NJnjS2IsNipGpgn9sjVzs="
    "resolved" "https://registry.nlark.com/@types/lodash/download/@types/lodash-4.14.171.tgz?cache=0&sync_timestamp=1625609589008&other_urls=https%3A%2F%2Fregistry.nlark.com%2F%40types%2Flodash%2Fdownload%2F%40types%2Flodash-4.14.171.tgz"
    "version" "4.14.171"
  
  "@vitejs/plugin-vue@^1.2.5":
    "integrity" "sha1-733EqS5T/oZrVLzBJmeIUTJirAk="
    "resolved" "https://registry.nlark.com/@vitejs/plugin-vue/download/@vitejs/plugin-vue-1.2.5.tgz?cache=0&sync_timestamp=1626092720558&other_urls=https%3A%2F%2Fregistry.nlark.com%2F%40vitejs%2Fplugin-vue%2Fdownload%2F%40vitejs%2Fplugin-vue-1.2.5.tgz"
    "version" "1.2.5"
  
  "@vue/compiler-core@3.1.5":
    "integrity" "sha1-KY+QW2Bl1tgf9jdW+Yxgh2s5PIc="
    "resolved" "https://registry.nlark.com/@vue/compiler-core/download/@vue/compiler-core-3.1.5.tgz"
    "version" "3.1.5"
    dependencies:
      "@babel/parser" "^7.12.0"
      "@babel/types" "^7.12.0"
      "@vue/shared" "3.1.5"
      "estree-walker" "^2.0.1"
      "source-map" "^0.6.1"
  
  "@vue/compiler-dom@3.1.5":
    "integrity" "sha1-y7lwIMYqX6o/vCqXkWvZgEGsmFY="
    "resolved" "https://registry.nlark.com/@vue/compiler-dom/download/@vue/compiler-dom-3.1.5.tgz"
    "version" "3.1.5"
    dependencies:
      "@vue/compiler-core" "3.1.5"
      "@vue/shared" "3.1.5"
  
  "@vue/compiler-sfc@^3.0.4", "@vue/compiler-sfc@^3.0.8":
    "integrity" "sha1-5h5U86ljsPSo5SP7uGMjkNxSsNY="
    "resolved" "https://registry.nlark.com/@vue/compiler-sfc/download/@vue/compiler-sfc-3.1.5.tgz"
    "version" "3.1.5"
    dependencies:
      "@babel/parser" "^7.13.9"
      "@babel/types" "^7.13.0"
      "@types/estree" "^0.0.48"
      "@vue/compiler-core" "3.1.5"
      "@vue/compiler-dom" "3.1.5"
      "@vue/compiler-ssr" "3.1.5"
      "@vue/shared" "3.1.5"
      "consolidate" "^0.16.0"
      "estree-walker" "^2.0.1"
      "hash-sum" "^2.0.0"
      "lru-cache" "^5.1.1"
      "magic-string" "^0.25.7"
      "merge-source-map" "^1.1.0"
      "postcss" "^8.1.10"
      "postcss-modules" "^4.0.0"
      "postcss-selector-parser" "^6.0.4"
      "source-map" "^0.6.1"
  
  "@vue/compiler-ssr@3.1.5":
    "integrity" "sha1-8GhlJ3QpMlah5TCEvtSKZ2gt+dI="
    "resolved" "https://registry.nlark.com/@vue/compiler-ssr/download/@vue/compiler-ssr-3.1.5.tgz"
    "version" "3.1.5"
    dependencies:
      "@vue/compiler-dom" "3.1.5"
      "@vue/shared" "3.1.5"
  
  "@vue/devtools-api@^6.0.0-beta.14":
    "integrity" "sha1-rXyzhOBi8WW8+cg3MhJb/7wq2D0="
    "resolved" "https://registry.nlark.com/@vue/devtools-api/download/@vue/devtools-api-6.0.0-beta.15.tgz?cache=0&other_urls=https%3A%2F%2Fregistry.nlark.com%2F%40vue%2Fdevtools-api%2Fdownload%2F%40vue%2Fdevtools-api-6.0.0-beta.15.tgz"
    "version" "6.0.0-beta.15"
  
  "@vue/reactivity@3.1.5":
    "integrity" "sha1-2+xNlVf3yPJcJjXbHiOninKeuZE="
    "resolved" "https://registry.nlark.com/@vue/reactivity/download/@vue/reactivity-3.1.5.tgz?cache=0&sync_timestamp=1626903991297&other_urls=https%3A%2F%2Fregistry.nlark.com%2F%40vue%2Freactivity%2Fdownload%2F%40vue%2Freactivity-3.1.5.tgz"
    "version" "3.1.5"
    dependencies:
      "@vue/shared" "3.1.5"
  
  "@vue/runtime-core@3.1.5":
    "integrity" "sha1-pUW38UYJKSnLXoM+hUORUPF6yHs="
    "resolved" "https://registry.nlark.com/@vue/runtime-core/download/@vue/runtime-core-3.1.5.tgz?cache=0&sync_timestamp=1626903992351&other_urls=https%3A%2F%2Fregistry.nlark.com%2F%40vue%2Fruntime-core%2Fdownload%2F%40vue%2Fruntime-core-3.1.5.tgz"
    "version" "3.1.5"
    dependencies:
      "@vue/reactivity" "3.1.5"
      "@vue/shared" "3.1.5"
  
  "@vue/runtime-dom@3.1.5":
    "integrity" "sha1-T6KJR9QIqjaPoX6g7cG+ua8UcqE="
    "resolved" "https://registry.nlark.com/@vue/runtime-dom/download/@vue/runtime-dom-3.1.5.tgz"
    "version" "3.1.5"
    dependencies:
      "@vue/runtime-core" "3.1.5"
      "@vue/shared" "3.1.5"
      "csstype" "^2.6.8"
  
  "@vue/shared@3.1.5":
    "integrity" "sha1-dO46rZldCjmWpruVM9TSgFFO3gM="
    "resolved" "https://registry.nlark.com/@vue/shared/download/@vue/shared-3.1.5.tgz"
    "version" "3.1.5"
  
  "anymatch@~3.1.2":
    "integrity" "sha1-wFV8CWrzLxBhmPT04qODU343hxY="
    "resolved" "https://registry.npm.taobao.org/anymatch/download/anymatch-3.1.2.tgz"
    "version" "3.1.2"
    dependencies:
      "normalize-path" "^3.0.0"
      "picomatch" "^2.0.4"
  
  "async-validator@^3.4.0":
    "integrity" "sha1-aOhmqWgk6LJpT/eoMcGiXETV5QA="
    "resolved" "https://registry.nlark.com/async-validator/download/async-validator-3.5.2.tgz"
    "version" "3.5.2"
  
  "big.js@^5.2.2":
    "integrity" "sha1-ZfCvOC9Xi83HQr2cKB6cstd2gyg="
    "resolved" "https://registry.nlark.com/big.js/download/big.js-5.2.2.tgz"
    "version" "5.2.2"
  
  "binary-extensions@^2.0.0":
    "integrity" "sha1-dfUC7q+f/eQvyYgpZFvk6na9ni0="
    "resolved" "https://registry.npm.taobao.org/binary-extensions/download/binary-extensions-2.2.0.tgz?cache=0&sync_timestamp=1610299308660&other_urls=https%3A%2F%2Fregistry.npm.taobao.org%2Fbinary-extensions%2Fdownload%2Fbinary-extensions-2.2.0.tgz"
    "version" "2.2.0"
  
  "bluebird@^3.7.2":
    "integrity" "sha1-nyKcFb4nJFT/qXOs4NvueaGww28="
    "resolved" "https://registry.npm.taobao.org/bluebird/download/bluebird-3.7.2.tgz?cache=0&sync_timestamp=1589682744631&other_urls=https%3A%2F%2Fregistry.npm.taobao.org%2Fbluebird%2Fdownload%2Fbluebird-3.7.2.tgz"
    "version" "3.7.2"
  
  "braces@~3.0.2":
    "integrity" "sha1-NFThpGLujVmeI23zNs2epPiv4Qc="
    "resolved" "https://registry.npm.taobao.org/braces/download/braces-3.0.2.tgz"
    "version" "3.0.2"
    dependencies:
      "fill-range" "^7.0.1"
  
  "camel-case@^4.1.2":
    "integrity" "sha1-lygHKpVPgFIoIlpt7qazhGHhvVo="
    "resolved" "https://registry.npm.taobao.org/camel-case/download/camel-case-4.1.2.tgz?cache=0&sync_timestamp=1606867309483&other_urls=https%3A%2F%2Fregistry.npm.taobao.org%2Fcamel-case%2Fdownload%2Fcamel-case-4.1.2.tgz"
    "version" "4.1.2"
    dependencies:
      "pascal-case" "^3.1.2"
      "tslib" "^2.0.3"
  
  "capital-case@^1.0.4":
    "integrity" "sha1-nRMCkjU8kkn2sA+lhSvuOKcX5mk="
    "resolved" "https://registry.npm.taobao.org/capital-case/download/capital-case-1.0.4.tgz"
    "version" "1.0.4"
    dependencies:
      "no-case" "^3.0.4"
      "tslib" "^2.0.3"
      "upper-case-first" "^2.0.2"
  
  "change-case@^4.1.2":
    "integrity" "sha1-/t/F8TYEXiOYwEEO5EH5VwRkHhI="
    "resolved" "https://registry.npm.taobao.org/change-case/download/change-case-4.1.2.tgz?cache=0&sync_timestamp=1606867679608&other_urls=https%3A%2F%2Fregistry.npm.taobao.org%2Fchange-case%2Fdownload%2Fchange-case-4.1.2.tgz"
    "version" "4.1.2"
    dependencies:
      "camel-case" "^4.1.2"
      "capital-case" "^1.0.4"
      "constant-case" "^3.0.4"
      "dot-case" "^3.0.4"
      "header-case" "^2.0.4"
      "no-case" "^3.0.4"
      "param-case" "^3.0.4"
      "pascal-case" "^3.1.2"
      "path-case" "^3.0.4"
      "sentence-case" "^3.0.4"
      "snake-case" "^3.0.4"
      "tslib" "^2.0.3"
  
  "chokidar@>=3.0.0 <4.0.0":
    "integrity" "sha1-26OXb8rbAW9m/TZQIdkWANAcHnU="
    "resolved" "https://registry.nlark.com/chokidar/download/chokidar-3.5.2.tgz?cache=0&sync_timestamp=1623763535523&other_urls=https%3A%2F%2Fregistry.nlark.com%2Fchokidar%2Fdownload%2Fchokidar-3.5.2.tgz"
    "version" "3.5.2"
    dependencies:
      "anymatch" "~3.1.2"
      "braces" "~3.0.2"
      "glob-parent" "~5.1.2"
      "is-binary-path" "~2.1.0"
      "is-glob" "~4.0.1"
      "normalize-path" "~3.0.0"
      "readdirp" "~3.6.0"
    optionalDependencies:
      "fsevents" "~2.3.2"
  
  "colorette@^1.2.2":
    "integrity" "sha1-y8x51emcrqLb8Q6zom/Ys+as+pQ="
    "resolved" "https://registry.npm.taobao.org/colorette/download/colorette-1.2.2.tgz?cache=0&sync_timestamp=1614259623635&other_urls=https%3A%2F%2Fregistry.npm.taobao.org%2Fcolorette%2Fdownload%2Fcolorette-1.2.2.tgz"
    "version" "1.2.2"
  
  "consolidate@^0.16.0":
    "integrity" "sha1-oRhkdokw8vGUMWYKZZBmaPX73BY="
    "resolved" "https://registry.npm.taobao.org/consolidate/download/consolidate-0.16.0.tgz"
    "version" "0.16.0"
    dependencies:
      "bluebird" "^3.7.2"
  
  "constant-case@^3.0.4":
    "integrity" "sha1-O4Sprq9M8x7EXmv13pG9+wWJ+vE="
    "resolved" "https://registry.nlark.com/constant-case/download/constant-case-3.0.4.tgz"
    "version" "3.0.4"
    dependencies:
      "no-case" "^3.0.4"
      "tslib" "^2.0.3"
      "upper-case" "^2.0.2"
  
  "cssesc@^3.0.0":
    "integrity" "sha1-N3QZGZA7hoVl4cCep0dEXNGJg+4="
    "resolved" "https://registry.npm.taobao.org/cssesc/download/cssesc-3.0.0.tgz"
    "version" "3.0.0"
  
  "csstype@^2.6.8":
    "integrity" "sha1-TPMOuH4dGgBdi2UQ+VKSQT9qHA4="
    "resolved" "https://registry.nlark.com/csstype/download/csstype-2.6.17.tgz?cache=0&sync_timestamp=1618818466657&other_urls=https%3A%2F%2Fregistry.nlark.com%2Fcsstype%2Fdownload%2Fcsstype-2.6.17.tgz"
    "version" "2.6.17"
  
  "dayjs@1.x":
    "integrity" "sha1-KIsqqC8thBimydTfWJjAc3rQKmM="
    "resolved" "https://registry.nlark.com/dayjs/download/dayjs-1.10.6.tgz"
    "version" "1.10.6"
  
  "debug@^4.3.2":
    "integrity" "sha1-8KScGKyHeeMdSgxgKd+3aHPHQos="
    "resolved" "https://registry.nlark.com/debug/download/debug-4.3.2.tgz"
    "version" "4.3.2"
    dependencies:
      "ms" "2.1.2"
  
  "dot-case@^3.0.4":
    "integrity" "sha1-mytnDQCkMWZ6inW6Kc0bmICc51E="
    "resolved" "https://registry.npm.taobao.org/dot-case/download/dot-case-3.0.4.tgz?cache=0&sync_timestamp=1606867682549&other_urls=https%3A%2F%2Fregistry.npm.taobao.org%2Fdot-case%2Fdownload%2Fdot-case-3.0.4.tgz"
    "version" "3.0.4"
    dependencies:
      "no-case" "^3.0.4"
      "tslib" "^2.0.3"
  
  "element-plus@*":
    "integrity" "sha1-2ViGZJVgxO3yFWjm1Kgi5MdPzdA="
    "resolved" "https://registry.nlark.com/element-plus/download/element-plus-1.0.2-beta.55.tgz"
    "version" "1.0.2-beta.55"
    dependencies:
      "@popperjs/core" "^2.4.4"
      "@types/lodash" "^4.14.161"
      "async-validator" "^3.4.0"
      "dayjs" "1.x"
      "lodash" "^4.17.20"
      "mitt" "^2.1.0"
      "normalize-wheel" "^1.0.1"
      "resize-observer-polyfill" "^1.5.1"
  
  "emojis-list@^3.0.0":
    "integrity" "sha1-VXBmIEatKeLpFucariYKvf9Pang="
    "resolved" "https://registry.nlark.com/emojis-list/download/emojis-list-3.0.0.tgz"
    "version" "3.0.0"
  
  "es-module-lexer@^0.6.0":
    "integrity" "sha1-5yqwW3QS5iub43w3oJvbYADXBvA="
    "resolved" "https://registry.nlark.com/es-module-lexer/download/es-module-lexer-0.6.0.tgz"
    "version" "0.6.0"
  
  "esbuild@^0.12.8":
    "integrity" "sha1-nZnPOa6yGIJlxZg+mD4jaCnwivA="
    "resolved" "https://registry.nlark.com/esbuild/download/esbuild-0.12.15.tgz"
    "version" "0.12.15"
  
  "estree-walker@^2.0.1":
    "integrity" "sha1-UvAQF4wqTBF6d1fP6UKtt9LaTKw="
    "resolved" "https://registry.npm.taobao.org/estree-walker/download/estree-walker-2.0.2.tgz"
    "version" "2.0.2"
  
  "fill-range@^7.0.1":
    "integrity" "sha1-GRmmp8df44ssfHflGYU12prN2kA="
    "resolved" "https://registry.npm.taobao.org/fill-range/download/fill-range-7.0.1.tgz"
    "version" "7.0.1"
    dependencies:
      "to-regex-range" "^5.0.1"
  
  "fsevents@~2.3.2":
    "integrity" "sha1-ilJveLj99GI7cJ4Ll1xSwkwC/Ro="
    "resolved" "https://registry.npm.taobao.org/fsevents/download/fsevents-2.3.2.tgz?cache=0&sync_timestamp=1612536879020&other_urls=https%3A%2F%2Fregistry.npm.taobao.org%2Ffsevents%2Fdownload%2Ffsevents-2.3.2.tgz"
    "version" "2.3.2"
  
  "function-bind@^1.1.1":
    "integrity" "sha1-pWiZ0+o8m6uHS7l3O3xe3pL0iV0="
    "resolved" "https://registry.npm.taobao.org/function-bind/download/function-bind-1.1.1.tgz"
    "version" "1.1.1"
  
  "generic-names@^2.0.1":
    "integrity" "sha1-+KN46tLMqno08DF7BVVIMq5BuHI="
    "resolved" "https://registry.npm.taobao.org/generic-names/download/generic-names-2.0.1.tgz?cache=0&sync_timestamp=1603542269880&other_urls=https%3A%2F%2Fregistry.npm.taobao.org%2Fgeneric-names%2Fdownload%2Fgeneric-names-2.0.1.tgz"
    "version" "2.0.1"
    dependencies:
      "loader-utils" "^1.1.0"
  
  "glob-parent@~5.1.2":
    "integrity" "sha1-hpgyxYA0/mikCTwX3BXoNA2EAcQ="
    "resolved" "https://registry.nlark.com/glob-parent/download/glob-parent-5.1.2.tgz?cache=0&sync_timestamp=1626760200164&other_urls=https%3A%2F%2Fregistry.nlark.com%2Fglob-parent%2Fdownload%2Fglob-parent-5.1.2.tgz"
    "version" "5.1.2"
    dependencies:
      "is-glob" "^4.0.1"
  
  "has@^1.0.3":
    "integrity" "sha1-ci18v8H2qoJB8W3YFOAR4fQeh5Y="
    "resolved" "https://registry.npm.taobao.org/has/download/has-1.0.3.tgz"
    "version" "1.0.3"
    dependencies:
      "function-bind" "^1.1.1"
  
  "hash-sum@^2.0.0":
    "integrity" "sha1-gdAbtd6OpKIUrV1urRtSNGCwtFo="
    "resolved" "https://registry.npm.taobao.org/hash-sum/download/hash-sum-2.0.0.tgz"
    "version" "2.0.0"
  
  "header-case@^2.0.4":
    "integrity" "sha1-WkLmO1UXc0nPQFvrjXdayruSwGM="
    "resolved" "https://registry.npm.taobao.org/header-case/download/header-case-2.0.4.tgz?cache=0&sync_timestamp=1606867681547&other_urls=https%3A%2F%2Fregistry.npm.taobao.org%2Fheader-case%2Fdownload%2Fheader-case-2.0.4.tgz"
    "version" "2.0.4"
    dependencies:
      "capital-case" "^1.0.4"
      "tslib" "^2.0.3"
  
  "icss-replace-symbols@^1.1.0":
    "integrity" "sha1-Bupvg2ead0njhs/h/oEq5dsiPe0="
    "resolved" "https://registry.npm.taobao.org/icss-replace-symbols/download/icss-replace-symbols-1.1.0.tgz"
    "version" "1.1.0"
  
  "icss-utils@^5.0.0":
    "integrity" "sha1-xr5oWKvQE9do6YNmrkfiXViHsa4="
    "resolved" "https://registry.npm.taobao.org/icss-utils/download/icss-utils-5.1.0.tgz"
    "version" "5.1.0"
  
  "is-binary-path@~2.1.0":
    "integrity" "sha1-6h9/O4DwZCNug0cPhsCcJU+0Wwk="
    "resolved" "https://registry.npm.taobao.org/is-binary-path/download/is-binary-path-2.1.0.tgz"
    "version" "2.1.0"
    dependencies:
      "binary-extensions" "^2.0.0"
  
  "is-core-module@^2.2.0":
    "integrity" "sha1-91SENhfHC/0pt72HMnQAzaXBhJE="
    "resolved" "https://registry.nlark.com/is-core-module/download/is-core-module-2.5.0.tgz"
    "version" "2.5.0"
    dependencies:
      "has" "^1.0.3"
  
  "is-extglob@^2.1.1":
    "integrity" "sha1-qIwCU1eR8C7TfHahueqXc8gz+MI="
    "resolved" "https://registry.npm.taobao.org/is-extglob/download/is-extglob-2.1.1.tgz"
    "version" "2.1.1"
  
  "is-glob@^4.0.1", "is-glob@~4.0.1":
    "integrity" "sha1-dWfb6fL14kZ7x3q4PEopSCQHpdw="
    "resolved" "https://registry.npm.taobao.org/is-glob/download/is-glob-4.0.1.tgz"
    "version" "4.0.1"
    dependencies:
      "is-extglob" "^2.1.1"
  
  "is-number@^7.0.0":
    "integrity" "sha1-dTU0W4lnNNX4DE0GxQlVUnoU8Ss="
    "resolved" "https://registry.npm.taobao.org/is-number/download/is-number-7.0.0.tgz"
    "version" "7.0.0"
  
  "json5@^1.0.1":
    "integrity" "sha1-d5+wAYYE+oVOrL9iUhgNg1Q+Pb4="
    "resolved" "https://registry.npm.taobao.org/json5/download/json5-1.0.1.tgz"
    "version" "1.0.1"
    dependencies:
      "minimist" "^1.2.0"
  
  "loader-utils@^1.1.0":
    "integrity" "sha1-xXm140yzSxp07cbB+za/o3HVphM="
    "resolved" "https://registry.npm.taobao.org/loader-utils/download/loader-utils-1.4.0.tgz"
    "version" "1.4.0"
    dependencies:
      "big.js" "^5.2.2"
      "emojis-list" "^3.0.0"
      "json5" "^1.0.1"
  
  "lodash.camelcase@^4.3.0":
    "integrity" "sha1-soqmKIorn8ZRA1x3EfZathkDMaY="
    "resolved" "https://registry.npm.taobao.org/lodash.camelcase/download/lodash.camelcase-4.3.0.tgz"
    "version" "4.3.0"
  
  "lodash@^4.17.20":
    "integrity" "sha1-Z5WRxWTDv/quhFTPCz3zcMPWkRw="
    "resolved" "https://registry.npm.taobao.org/lodash/download/lodash-4.17.21.tgz?cache=0&sync_timestamp=1613835838133&other_urls=https%3A%2F%2Fregistry.npm.taobao.org%2Flodash%2Fdownload%2Flodash-4.17.21.tgz"
    "version" "4.17.21"
  
  "lower-case@^2.0.2":
    "integrity" "sha1-b6I3xj29xKgsoP2ILkci3F5jTig="
    "resolved" "https://registry.npm.taobao.org/lower-case/download/lower-case-2.0.2.tgz?cache=0&sync_timestamp=1606867315266&other_urls=https%3A%2F%2Fregistry.npm.taobao.org%2Flower-case%2Fdownload%2Flower-case-2.0.2.tgz"
    "version" "2.0.2"
    dependencies:
      "tslib" "^2.0.3"
  
  "lru-cache@^5.1.1":
    "integrity" "sha1-HaJ+ZxAnGUdpXa9oSOhH8B2EuSA="
    "resolved" "https://registry.npm.taobao.org/lru-cache/download/lru-cache-5.1.1.tgz?cache=0&sync_timestamp=1599054167787&other_urls=https%3A%2F%2Fregistry.npm.taobao.org%2Flru-cache%2Fdownload%2Flru-cache-5.1.1.tgz"
    "version" "5.1.1"
    dependencies:
      "yallist" "^3.0.2"
  
  "magic-string@^0.25.7":
    "integrity" "sha1-P0l9b9NMZpxnmNy4IfLvMfVEUFE="
    "resolved" "https://registry.npm.taobao.org/magic-string/download/magic-string-0.25.7.tgz"
    "version" "0.25.7"
    dependencies:
      "sourcemap-codec" "^1.4.4"
  
  "merge-source-map@^1.1.0":
    "integrity" "sha1-L93n5gIJOfcJBqaPLXrmheTIxkY="
    "resolved" "https://registry.nlark.com/merge-source-map/download/merge-source-map-1.1.0.tgz"
    "version" "1.1.0"
    dependencies:
      "source-map" "^0.6.1"
  
  "minimist@^1.2.0":
    "integrity" "sha1-Z9ZgFLZqaoqqDAg8X9WN9OTpdgI="
    "resolved" "https://registry.npm.taobao.org/minimist/download/minimist-1.2.5.tgz"
    "version" "1.2.5"
  
  "mitt@^2.1.0":
    "integrity" "sha1-90BXfCMXbGIFsSGylzUU6t4bIjA="
    "resolved" "https://registry.nlark.com/mitt/download/mitt-2.1.0.tgz?cache=0&sync_timestamp=1624483449786&other_urls=https%3A%2F%2Fregistry.nlark.com%2Fmitt%2Fdownload%2Fmitt-2.1.0.tgz"
    "version" "2.1.0"
  
  "ms@2.1.2":
    "integrity" "sha1-0J0fNXtEP0kzgqjrPM0YOHKuYAk="
    "resolved" "https://registry.npm.taobao.org/ms/download/ms-2.1.2.tgz?cache=0&sync_timestamp=1607433912677&other_urls=https%3A%2F%2Fregistry.npm.taobao.org%2Fms%2Fdownload%2Fms-2.1.2.tgz"
    "version" "2.1.2"
  
  "nanoid@^3.1.23":
    "integrity" "sha1-90QIbOfCvEfuCoRyV01ceOQYOoE="
    "resolved" "https://registry.nlark.com/nanoid/download/nanoid-3.1.23.tgz"
    "version" "3.1.23"
  
  "no-case@^3.0.4":
    "integrity" "sha1-02H9XJgA9VhVGoNp/A3NRmK2Ek0="
    "resolved" "https://registry.npm.taobao.org/no-case/download/no-case-3.0.4.tgz?cache=0&sync_timestamp=1606869196230&other_urls=https%3A%2F%2Fregistry.npm.taobao.org%2Fno-case%2Fdownload%2Fno-case-3.0.4.tgz"
    "version" "3.0.4"
    dependencies:
      "lower-case" "^2.0.2"
      "tslib" "^2.0.3"
  
  "normalize-path@^3.0.0", "normalize-path@~3.0.0":
    "integrity" "sha1-Dc1p/yOhybEf0JeDFmRKA4ghamU="
    "resolved" "https://registry.npm.taobao.org/normalize-path/download/normalize-path-3.0.0.tgz"
    "version" "3.0.0"
  
  "normalize-wheel@^1.0.1":
    "integrity" "sha1-rsiGr/2wRQcNhWRH32Ls+GFG7EU="
    "resolved" "https://registry.npm.taobao.org/normalize-wheel/download/normalize-wheel-1.0.1.tgz"
    "version" "1.0.1"
  
  "param-case@^3.0.4":
    "integrity" "sha1-fRf+SqEr3jTUp32RrPtiGcqtAcU="
    "resolved" "https://registry.npm.taobao.org/param-case/download/param-case-3.0.4.tgz"
    "version" "3.0.4"
    dependencies:
      "dot-case" "^3.0.4"
      "tslib" "^2.0.3"
  
  "pascal-case@^3.1.2":
    "integrity" "sha1-tI4O8rmOIF58Ha50fQsVCCN2YOs="
    "resolved" "https://registry.npm.taobao.org/pascal-case/download/pascal-case-3.1.2.tgz?cache=0&sync_timestamp=1606867682673&other_urls=https%3A%2F%2Fregistry.npm.taobao.org%2Fpascal-case%2Fdownload%2Fpascal-case-3.1.2.tgz"
    "version" "3.1.2"
    dependencies:
      "no-case" "^3.0.4"
      "tslib" "^2.0.3"
  
  "path-case@^3.0.4":
    "integrity" "sha1-kWhkUzTrlCZYN1xW+AtMDLX4LG8="
    "resolved" "https://registry.npm.taobao.org/path-case/download/path-case-3.0.4.tgz"
    "version" "3.0.4"
    dependencies:
      "dot-case" "^3.0.4"
      "tslib" "^2.0.3"
  
  "path-parse@^1.0.6":
    "integrity" "sha1-+8EUtgykKzDZ2vWFjkvWi77bZzU="
    "resolved" "https://registry.nlark.com/path-parse/download/path-parse-1.0.7.tgz?cache=0&sync_timestamp=1621947783503&other_urls=https%3A%2F%2Fregistry.nlark.com%2Fpath-parse%2Fdownload%2Fpath-parse-1.0.7.tgz"
    "version" "1.0.7"
  
  "picomatch@^2.0.4", "picomatch@^2.2.1", "picomatch@^2.2.2":
    "integrity" "sha1-8fBh3o9qS/AiiS4tEoI0+5gwKXI="
    "resolved" "https://registry.nlark.com/picomatch/download/picomatch-2.3.0.tgz?cache=0&sync_timestamp=1621648246651&other_urls=https%3A%2F%2Fregistry.nlark.com%2Fpicomatch%2Fdownload%2Fpicomatch-2.3.0.tgz"
    "version" "2.3.0"
  
  "postcss-modules-extract-imports@^3.0.0":
    "integrity" "sha1-zaHwR8CugMl9vijD52pDuIAldB0="
    "resolved" "https://registry.nlark.com/postcss-modules-extract-imports/download/postcss-modules-extract-imports-3.0.0.tgz"
    "version" "3.0.0"
  
  "postcss-modules-local-by-default@^4.0.0":
    "integrity" "sha1-67tU+uFZjuz99pGgKz/zs5ClpRw="
    "resolved" "https://registry.nlark.com/postcss-modules-local-by-default/download/postcss-modules-local-by-default-4.0.0.tgz"
    "version" "4.0.0"
    dependencies:
      "icss-utils" "^5.0.0"
      "postcss-selector-parser" "^6.0.2"
      "postcss-value-parser" "^4.1.0"
  
  "postcss-modules-scope@^3.0.0":
    "integrity" "sha1-nvMVFFbTu/oSDKRImN/Kby+gHwY="
    "resolved" "https://registry.npm.taobao.org/postcss-modules-scope/download/postcss-modules-scope-3.0.0.tgz?cache=0&sync_timestamp=1602593260387&other_urls=https%3A%2F%2Fregistry.npm.taobao.org%2Fpostcss-modules-scope%2Fdownload%2Fpostcss-modules-scope-3.0.0.tgz"
    "version" "3.0.0"
    dependencies:
      "postcss-selector-parser" "^6.0.4"
  
  "postcss-modules-values@^4.0.0":
    "integrity" "sha1-18Xn5ow7s8myfL9Iyguz/7RgLJw="
    "resolved" "https://registry.npm.taobao.org/postcss-modules-values/download/postcss-modules-values-4.0.0.tgz?cache=0&sync_timestamp=1602586230505&other_urls=https%3A%2F%2Fregistry.npm.taobao.org%2Fpostcss-modules-values%2Fdownload%2Fpostcss-modules-values-4.0.0.tgz"
    "version" "4.0.0"
    dependencies:
      "icss-utils" "^5.0.0"
  
  "postcss-modules@^4.0.0":
    "integrity" "sha1-m6V0Y57z1zYvVkVhyDHLu1l0Hso="
    "resolved" "https://registry.nlark.com/postcss-modules/download/postcss-modules-4.2.0.tgz?cache=0&sync_timestamp=1626860888809&other_urls=https%3A%2F%2Fregistry.nlark.com%2Fpostcss-modules%2Fdownload%2Fpostcss-modules-4.2.0.tgz"
    "version" "4.2.0"
    dependencies:
      "generic-names" "^2.0.1"
      "icss-replace-symbols" "^1.1.0"
      "lodash.camelcase" "^4.3.0"
      "postcss-modules-extract-imports" "^3.0.0"
      "postcss-modules-local-by-default" "^4.0.0"
      "postcss-modules-scope" "^3.0.0"
      "postcss-modules-values" "^4.0.0"
      "string-hash" "^1.1.1"
  
  "postcss-selector-parser@^6.0.2", "postcss-selector-parser@^6.0.4":
    "integrity" "sha1-LFu6gXSsL2mBq2MaQqsO5UrzMuo="
    "resolved" "https://registry.nlark.com/postcss-selector-parser/download/postcss-selector-parser-6.0.6.tgz?cache=0&sync_timestamp=1620752939806&other_urls=https%3A%2F%2Fregistry.nlark.com%2Fpostcss-selector-parser%2Fdownload%2Fpostcss-selector-parser-6.0.6.tgz"
    "version" "6.0.6"
    dependencies:
      "cssesc" "^3.0.0"
      "util-deprecate" "^1.0.2"
  
  "postcss-value-parser@^4.1.0":
    "integrity" "sha1-RD9qIM7WSBor2k+oUypuVdeJoss="
    "resolved" "https://registry.nlark.com/postcss-value-parser/download/postcss-value-parser-4.1.0.tgz?cache=0&other_urls=https%3A%2F%2Fregistry.nlark.com%2Fpostcss-value-parser%2Fdownload%2Fpostcss-value-parser-4.1.0.tgz"
    "version" "4.1.0"
  
  "postcss@^8.1.10", "postcss@^8.3.5":
    "integrity" "sha1-JzDddql5afN/U7mmCWGXvjEcxOo="
    "resolved" "https://registry.nlark.com/postcss/download/postcss-8.3.6.tgz?cache=0&sync_timestamp=1626882960231&other_urls=https%3A%2F%2Fregistry.nlark.com%2Fpostcss%2Fdownload%2Fpostcss-8.3.6.tgz"
    "version" "8.3.6"
    dependencies:
      "colorette" "^1.2.2"
      "nanoid" "^3.1.23"
      "source-map-js" "^0.6.2"
  
  "readdirp@~3.6.0":
    "integrity" "sha1-dKNwvYVxFuJFspzJc0DNQxoCpsc="
    "resolved" "https://registry.npm.taobao.org/readdirp/download/readdirp-3.6.0.tgz?cache=0&sync_timestamp=1615717369278&other_urls=https%3A%2F%2Fregistry.npm.taobao.org%2Freaddirp%2Fdownload%2Freaddirp-3.6.0.tgz"
    "version" "3.6.0"
    dependencies:
      "picomatch" "^2.2.1"
  
  "resize-observer-polyfill@^1.5.1":
    "integrity" "sha1-DpAg3T0hAkRY1OvSfiPkAmmBBGQ="
    "resolved" "https://registry.npm.taobao.org/resize-observer-polyfill/download/resize-observer-polyfill-1.5.1.tgz"
    "version" "1.5.1"
  
  "resolve@^1.20.0":
    "integrity" "sha1-YpoBP7P3B1XW8LeTXMHCxTeLGXU="
    "resolved" "https://registry.npm.taobao.org/resolve/download/resolve-1.20.0.tgz"
    "version" "1.20.0"
    dependencies:
      "is-core-module" "^2.2.0"
      "path-parse" "^1.0.6"
  
  "rollup@^2.38.5":
    "integrity" "sha1-FLDlfwh01K0jvbsTBQz3C80eq/c="
    "resolved" "https://registry.nlark.com/rollup/download/rollup-2.53.3.tgz?cache=0&sync_timestamp=1626850554563&other_urls=https%3A%2F%2Fregistry.nlark.com%2Frollup%2Fdownload%2Frollup-2.53.3.tgz"
    "version" "2.53.3"
    optionalDependencies:
      "fsevents" "~2.3.2"
  
  "sass@^1.35.2":
    "integrity" "sha1-tzIxT82vfvjQ8WmGmK3DeAQ8uCE="
    "resolved" "https://registry.nlark.com/sass/download/sass-1.35.2.tgz"
    "version" "1.35.2"
    dependencies:
      "chokidar" ">=3.0.0 <4.0.0"
  
  "sentence-case@^3.0.4":
    "integrity" "sha1-NkWnuMEXx4f96HAgViJbtipFEx8="
    "resolved" "https://registry.npm.taobao.org/sentence-case/download/sentence-case-3.0.4.tgz"
    "version" "3.0.4"
    dependencies:
      "no-case" "^3.0.4"
      "tslib" "^2.0.3"
      "upper-case-first" "^2.0.2"
  
  "snake-case@^3.0.4":
    "integrity" "sha1-Tyu9Vo6ZNavf1ZPzTGkdrbScRSw="
    "resolved" "https://registry.npm.taobao.org/snake-case/download/snake-case-3.0.4.tgz?cache=0&sync_timestamp=1606867683620&other_urls=https%3A%2F%2Fregistry.npm.taobao.org%2Fsnake-case%2Fdownload%2Fsnake-case-3.0.4.tgz"
    "version" "3.0.4"
    dependencies:
      "dot-case" "^3.0.4"
      "tslib" "^2.0.3"
  
  "source-map-js@^0.6.2":
    "integrity" "sha1-C7XeYxtBz72mz7qL0FqA79/SOF4="
    "resolved" "https://registry.npm.taobao.org/source-map-js/download/source-map-js-0.6.2.tgz"
    "version" "0.6.2"
  
  "source-map@^0.6.1":
    "integrity" "sha1-dHIq8y6WFOnCh6jQu95IteLxomM="
    "resolved" "https://registry.npm.taobao.org/source-map/download/source-map-0.6.1.tgz?cache=0&sync_timestamp=1589682764497&other_urls=https%3A%2F%2Fregistry.npm.taobao.org%2Fsource-map%2Fdownload%2Fsource-map-0.6.1.tgz"
    "version" "0.6.1"
  
  "sourcemap-codec@^1.4.4":
    "integrity" "sha1-6oBL2UhXQC5pktBaOO8a41qatMQ="
    "resolved" "https://registry.npm.taobao.org/sourcemap-codec/download/sourcemap-codec-1.4.8.tgz"
    "version" "1.4.8"
  
  "string-hash@^1.1.1":
    "integrity" "sha1-6Kr8CsGFW0Zmkp7X3RJ1311sgRs="
    "resolved" "https://registry.nlark.com/string-hash/download/string-hash-1.1.3.tgz?cache=0&sync_timestamp=1618847134046&other_urls=https%3A%2F%2Fregistry.nlark.com%2Fstring-hash%2Fdownload%2Fstring-hash-1.1.3.tgz"
    "version" "1.1.3"
  
  "to-fast-properties@^2.0.0":
    "integrity" "sha1-3F5pjL0HkmW8c+A3doGk5Og/YW4="
    "resolved" "https://registry.npm.taobao.org/to-fast-properties/download/to-fast-properties-2.0.0.tgz"
    "version" "2.0.0"
  
  "to-regex-range@^5.0.1":
    "integrity" "sha1-FkjESq58jZiKMmAY7XL1tN0DkuQ="
    "resolved" "https://registry.npm.taobao.org/to-regex-range/download/to-regex-range-5.0.1.tgz"
    "version" "5.0.1"
    dependencies:
      "is-number" "^7.0.0"
  
  "tslib@^2.0.3":
    "integrity" "sha1-gDuM2rPhK6WBpMpByIObuw2ssJ4="
    "resolved" "https://registry.nlark.com/tslib/download/tslib-2.3.0.tgz?cache=0&sync_timestamp=1623452696075&other_urls=https%3A%2F%2Fregistry.nlark.com%2Ftslib%2Fdownload%2Ftslib-2.3.0.tgz"
    "version" "2.3.0"
  
  "typescript@^4.3.5":
    "integrity" "sha1-TRw3zBbok5c8RaBohrcRMjTxGfQ="
    "resolved" "https://registry.nlark.com/typescript/download/typescript-4.3.5.tgz?cache=0&other_urls=https%3A%2F%2Fregistry.nlark.com%2Ftypescript%2Fdownload%2Ftypescript-4.3.5.tgz"
    "version" "4.3.5"
  
  "upper-case-first@^2.0.2":
    "integrity" "sha1-mSwyc/iCq9GdHgKJTMFHEX+EQyQ="
    "resolved" "https://registry.npm.taobao.org/upper-case-first/download/upper-case-first-2.0.2.tgz"
    "version" "2.0.2"
    dependencies:
      "tslib" "^2.0.3"
  
  "upper-case@^2.0.2":
    "integrity" "sha1-2JgQgj+qsd8VSbfZenb4Ziuub3o="
    "resolved" "https://registry.npm.taobao.org/upper-case/download/upper-case-2.0.2.tgz"
    "version" "2.0.2"
    dependencies:
      "tslib" "^2.0.3"
  
  "util-deprecate@^1.0.2":
    "integrity" "sha1-RQ1Nyfpw3nMnYvvS1KKJgUGaDM8="
    "resolved" "https://registry.npm.taobao.org/util-deprecate/download/util-deprecate-1.0.2.tgz"
    "version" "1.0.2"
  
  "vite-plugin-style-import@^1.0.1":
    "integrity" "sha1-v2EzfdEeTrwPNV8nHgbTdLHKXHk="
    "resolved" "https://registry.nlark.com/vite-plugin-style-import/download/vite-plugin-style-import-1.0.1.tgz"
    "version" "1.0.1"
    dependencies:
      "@rollup/pluginutils" "^4.1.0"
      "change-case" "^4.1.2"
      "debug" "^4.3.2"
      "es-module-lexer" "^0.6.0"
      "magic-string" "^0.25.7"
  
  "vite@^2.4.3":
    "integrity" "sha1-/kqnjp3X02vLEuzL1SMTsmz633c="
    "resolved" "https://registry.nlark.com/vite/download/vite-2.4.3.tgz"
    "version" "2.4.3"
    dependencies:
      "esbuild" "^0.12.8"
      "postcss" "^8.3.5"
      "resolve" "^1.20.0"
      "rollup" "^2.38.5"
    optionalDependencies:
      "fsevents" "~2.3.2"
  
  "vue-router@^4.0.10":
    "integrity" "sha1-7I/aAylJsqMdMnMXD483bobrUqw="
    "resolved" "https://registry.nlark.com/vue-router/download/vue-router-4.0.10.tgz"
    "version" "4.0.10"
    dependencies:
      "@vue/devtools-api" "^6.0.0-beta.14"
  
  "vue@^3.0.4":
    "integrity" "sha1-EoebEdBoXuRHjIhpVReZYwpS+f4="
    "resolved" "https://registry.nlark.com/vue/download/vue-3.1.5.tgz"
    "version" "3.1.5"
    dependencies:
      "@vue/compiler-dom" "3.1.5"
      "@vue/runtime-dom" "3.1.5"
      "@vue/shared" "3.1.5"
  
  "yallist@^3.0.2":
    "integrity" "sha1-27fa+b/YusmrRev2ArjLrQ1dCP0="
    "resolved" "https://registry.npm.taobao.org/yallist/download/yallist-3.1.1.tgz"
    "version" "3.1.1"
